2021-07-02 8:19:51 - LIST VIEW / mode: release / list: Category
2021-07-02 8:19:52 - LIST VIEW / mode: release / list: Category
2021-07-02 8:21:25 - LIST VIEW / mode: release / list: Category
2021-07-02 8:21:26 - LIST VIEW / mode: release / list: Category
2021-07-02 8:21:53 - LIST VIEW / mode: release / list: Category
2021-07-02 8:29:59 - LIST VIEW / mode: release / list: Featured Module
2021-07-02 8:45:10 - ADD TO CART / mode: release / product: 
2021-07-02 8:46:33 - TRANSACTION / mode: release / order: 212
2021-07-02 8:46:43 - LIST VIEW / mode: release / list: Featured Module
2021-07-02 8:46:46 - PRODUCT CLICK / mode: release / product: Набор столовых приборов &quot;Mood&quot; на 6 персон: посеребренные столовые вилки, ложки и ножи + чайные ложки / list: Featured Module
2021-07-02 8:46:55 - LIST VIEW / mode: release / list: Featured Module
2021-07-02 8:48:33 - LIST VIEW / mode: release / list: Featured Module
2021-07-02 8:48:35 - PRODUCT CLICK / mode: release / product: Набор из шести бокалов для шампанского &quot;Bubble Box&quot; / list: Featured Module
2021-07-02 8:48:40 - PRODUCT DETAIL VIEW / mode: release / product: Набор из шести бокалов для шампанского &quot;Bubble Box&quot;
2021-07-02 8:48:40 - LIST VIEW / mode: release / list: Related Products
2021-07-02 8:54:38 - ADD TO CART / mode: release / product: Набор из шести бокалов для шампанского &quot;Bubble Box&quot;
2021-07-02 8:54:48 - ADD TO CART / mode: release / product: Набор из шести бокалов для шампанского &quot;Bubble Box&quot;
2021-07-02 8:55:19 - TRANSACTION / mode: release / order: 213
2021-07-02 8:58:28 - LIST VIEW / mode: release / list: Featured Module
2021-07-02 8:58:49 - LIST VIEW / mode: release / list: Category
2021-07-02 8:58:49 - ADD TO CART / mode: release / product: 
2021-07-02 8:58:50 - LIST VIEW / mode: release / list: Category
2021-07-02 8:58:55 - PRODUCT CLICK / mode: release / product: Набор из четырех разноцветных бокалов для шампанского &quot;Véga&quot;, h 29 см / list: Category
2021-07-02 8:58:57 - PRODUCT DETAIL VIEW / mode: release / product: Набор из четырех разноцветных бокалов для шампанского &quot;Véga&quot;, h 29 см
2021-07-02 8:58:57 - LIST VIEW / mode: release / list: Related Products
2021-07-02 8:59:00 - ADD TO CART / mode: release / product: Набор из четырех разноцветных бокалов для шампанского &quot;Véga&quot;, h 29 см
2021-07-02 9:01:13 - LIST VIEW / mode: release / list: Related Products
2021-07-02 9:01:13 - PRODUCT DETAIL VIEW / mode: release / product: Набор из четырех разноцветных бокалов для шампанского &quot;Véga&quot;, h 29 см
2021-07-02 9:01:14 - ADD TO CART / mode: release / product: Набор из четырех разноцветных бокалов для шампанского &quot;Véga&quot;, h 29 см
2021-07-02 9:11:28 - LIST VIEW / mode: release / list: Featured Module
2021-07-02 9:11:36 - LIST VIEW / mode: release / list: Category
2021-07-02 9:11:37 - LIST VIEW / mode: release / list: Category
2021-07-02 9:13:06 - LIST VIEW / mode: release / list: Category
2021-07-02 9:13:07 - LIST VIEW / mode: release / list: Category
2021-07-02 9:13:12 - PRODUCT DETAIL VIEW / mode: release / product: Набор из трех ваз &quot;Flora&quot;, h 18 cм
2021-07-02 9:13:13 - LIST VIEW / mode: release / list: Related Products
2021-07-02 9:14:35 - PRODUCT DETAIL VIEW / mode: release / product: Набор из трех ваз &quot;Flora&quot;, h 18 cм
2021-07-02 9:14:36 - LIST VIEW / mode: release / list: Related Products
2021-07-02 9:15:21 - PRODUCT DETAIL VIEW / mode: release / product: Набор из трех ваз &quot;Flora&quot;, h 18 cм
2021-07-02 9:15:22 - LIST VIEW / mode: release / list: Related Products
2021-07-02 9:15:26 - LIST VIEW / mode: release / list: Category
2021-07-02 9:15:27 - LIST VIEW / mode: release / list: Category
2021-07-02 9:18:00 - LIST VIEW / mode: release / list: Category
2021-07-02 9:18:01 - LIST VIEW / mode: release / list: Category
2021-07-02 9:20:43 - LIST VIEW / mode: release / list: Category
2021-07-02 9:20:44 - LIST VIEW / mode: release / list: Category
2021-07-02 9:32:57 - LIST VIEW / mode: release / list: Featured Module
2021-07-02 9:33:14 - LIST VIEW / mode: release / list: Featured Module
2021-07-02 9:33:32 - LIST VIEW / mode: release / list: Featured Module
2021-07-02 9:33:51 - LIST VIEW / mode: release / list: Featured Module
2021-07-02 9:34:07 - LIST VIEW / mode: release / list: Featured Module
2021-07-02 10:31:32 - LIST VIEW / mode: release / list: Category
2021-07-02 10:31:33 - LIST VIEW / mode: release / list: Category
2021-07-02 10:31:52 - LIST VIEW / mode: release / list: Manufacturer
2021-07-02 10:31:53 - LIST VIEW / mode: release / list: Manufacturer
2021-07-02 10:31:54 - LIST VIEW / mode: release / list: Manufacturer
2021-07-02 10:31:55 - LIST VIEW / mode: release / list: Manufacturer
2021-07-02 10:31:56 - LIST VIEW / mode: release / list: Manufacturer
2021-07-02 10:31:58 - LIST VIEW / mode: release / list: Manufacturer
2021-07-02 10:31:59 - LIST VIEW / mode: release / list: Manufacturer
2021-07-02 10:32:00 - LIST VIEW / mode: release / list: Manufacturer
2021-07-02 10:32:01 - LIST VIEW / mode: release / list: Manufacturer
2021-07-02 10:32:02 - LIST VIEW / mode: release / list: Manufacturer
2021-07-02 10:32:03 - LIST VIEW / mode: release / list: Manufacturer
2021-07-02 10:32:04 - LIST VIEW / mode: release / list: Manufacturer
2021-07-02 10:32:05 - LIST VIEW / mode: release / list: Manufacturer
2021-07-02 10:37:20 - LIST VIEW / mode: release / list: Featured Module
2021-07-02 10:37:56 - LIST VIEW / mode: release / list: Featured Module
2021-07-02 10:38:25 - LIST VIEW / mode: release / list: Featured Module
2021-07-02 10:39:10 - LIST VIEW / mode: release / list: Featured Module
2021-07-02 10:39:12 - LIST VIEW / mode: release / list: Featured Module
2021-07-02 10:39:49 - LIST VIEW / mode: release / list: Featured Module
2021-07-02 12:18:10 - LIST VIEW / mode: release / list: Category
2021-07-02 12:18:11 - LIST VIEW / mode: release / list: Category
2021-07-02 12:18:22 - PRODUCT CLICK / mode: release / product: Набор из четырех разноцветных бокалов для шампанского &quot;Véga&quot;, h 29 см / list: Category
2021-07-02 12:18:24 - PRODUCT DETAIL VIEW / mode: release / product: Набор из четырех разноцветных бокалов для шампанского &quot;Véga&quot;, h 29 см
2021-07-02 12:18:24 - LIST VIEW / mode: release / list: Related Products
2021-07-02 12:18:43 - PRODUCT DETAIL VIEW / mode: release / product: Набор из четырех разноцветных бокалов для шампанского &quot;Véga&quot;, h 29 см
2021-07-02 12:18:43 - LIST VIEW / mode: release / list: Related Products
2021-07-02 12:19:01 - LIST VIEW / mode: release / list: Related Products
2021-07-02 12:19:01 - PRODUCT DETAIL VIEW / mode: release / product: Набор из четырех разноцветных бокалов для шампанского &quot;Véga&quot;, h 29 см
2021-07-02 12:20:51 - PRODUCT DETAIL VIEW / mode: release / product: Набор из четырех разноцветных бокалов для шампанского &quot;Véga&quot;, h 29 см
2021-07-02 12:20:51 - LIST VIEW / mode: release / list: Related Products
2021-07-02 12:23:05 - PRODUCT DETAIL VIEW / mode: release / product: Набор из четырех разноцветных бокалов для шампанского &quot;Véga&quot;, h 29 см
2021-07-02 12:23:05 - LIST VIEW / mode: release / list: Related Products
2021-07-02 12:24:28 - LIST VIEW / mode: release / list: Related Products
2021-07-02 12:24:28 - PRODUCT DETAIL VIEW / mode: release / product: Набор из четырех разноцветных бокалов для шампанского &quot;Véga&quot;, h 29 см
2021-07-02 12:26:03 - LIST VIEW / mode: release / list: Related Products
2021-07-02 12:26:03 - PRODUCT DETAIL VIEW / mode: release / product: Набор из четырех разноцветных бокалов для шампанского &quot;Véga&quot;, h 29 см
2021-07-02 12:27:48 - LIST VIEW / mode: release / list: Related Products
2021-07-02 12:27:48 - PRODUCT DETAIL VIEW / mode: release / product: Набор из четырех разноцветных бокалов для шампанского &quot;Véga&quot;, h 29 см
2021-07-02 12:28:45 - LIST VIEW / mode: release / list: Related Products
бор из четырех разноцветных бокалов для шампанского &quot;Véga&quot;, h 29 см
2021-07-02 12:33:35 - PRODUCT DETAIL VIEW / mode: release / product: Набор из четырех разноцветных бокалов для шампанского &quot;Véga&quot;, h 29 см
2021-07-02 12:33:35 - LIST VIEW / mode: release / list: Related Products
2021-07-02 12:37:57 - LIST VIEW / mode: release / list: Related Products
2021-07-02 12:37:57 - PRODUCT DETAIL VIEW / mode: release / product: Набор из четырех разноцветных бокалов для шампанского &quot;Véga&quot;, h 29 см
2021-07-02 12:39:01 - LIST VIEW / mode: release / list: Related Products
2021-07-02 12:39:01 - PRODUCT DETAIL VIEW / mode: release / product: Набор из четырех разноцветных бокалов для шампанского &quot;Véga&quot;, h 29 см
2021-07-02 12:44:11 - PRODUCT DETAIL VIEW / mode: release / product: Набор из четырех разноцветных бокалов для шампанского &quot;Véga&quot;, h 29 см
2021-07-02 12:44:11 - LIST VIEW / mode: release / list: Related Products
2021-07-02 12:45:59 - PRODUCT DETAIL VIEW / mode: release / product: Набор из четырех разноцветных бокалов для шампанского &quot;Véga&quot;, h 29 см
2021-07-02 12:46:00 - LIST VIEW / mode: release / list: Related Products
2021-07-02 12:47:06 - PRODUCT DETAIL VIEW / mode: release / product: Набор из четырех разноцветных бокалов для шампанского &quot;Véga&quot;, h 29 см
2021-07-02 12:47:06 - LIST VIEW / mode: release / list: Related Products
2021-07-02 12:47:19 - PRODUCT DETAIL VIEW / mode: release / product: Набор из четырех разноцветных бокалов для шампанского &quot;Véga&quot;, h 29 см
2021-07-02 12:47:19 - LIST VIEW / mode: release / list: Related Products
2021-07-02 12:48:03 - PRODUCT DETAIL VIEW / mode: release / product: Набор из четырех разноцветных бокалов для шампанского &quot;Véga&quot;, h 29 см
2021-07-02 12:48:03 - LIST VIEW / mode: release / list: Related Products
2021-07-02 12:48:30 - PRODUCT DETAIL VIEW / mode: release / product: Набор из четырех разноцветных бокалов для шампанского &quot;Véga&quot;, h 29 см
2021-07-02 12:48:30 - LIST VIEW / mode: release / list: Related Products
2021-07-02 12:53:05 - LIST VIEW / mode: release / list: Related Products
2021-07-02 12:53:05 - PRODUCT DETAIL VIEW / mode: release / product: Набор из четырех разноцветных бокалов для шампанского &quot;Véga&quot;, h 29 см
2021-07-02 12:54:21 - LIST VIEW / mode: release / list: Related Products
2021-07-02 12:54:21 - PRODUCT DETAIL VIEW / mode: release / product: Набор из четырех разноцветных бокалов для шампанского &quot;Véga&quot;, h 29 см
2021-07-03 20:46:16 - LIST VIEW / mode: release / list: Featured Module
2021-07-03 20:56:35 - LIST VIEW / mode: release / list: Featured Module
2021-07-03 20:56:49 - LIST VIEW / mode: release / list: Featured Module
2021-07-03 20:57:48 - LIST VIEW / mode: release / list: Featured Module
2021-07-03 20:58:00 - LIST VIEW / mode: release / list: Featured Module
2021-07-03 20:59:01 - LIST VIEW / mode: release / list: Featured Module
2021-07-03 21:00:16 - LIST VIEW / mode: release / list: Featured Module
2021-07-03 21:00:22 - LIST VIEW / mode: release / list: Featured Module
2021-07-05 7:56:55 - LIST VIEW / mode: release / list: Featured Module
2021-07-05 7:57:38 - LIST VIEW / mode: release / list: Category
2021-07-05 7:57:39 - LIST VIEW / mode: release / list: Category
2021-07-05 8:01:05 - LIST VIEW / mode: release / list: Category
2021-07-05 8:01:06 - LIST VIEW / mode: release / list: Category
2021-07-05 8:01:24 - LIST VIEW / mode: release / list: Category
2021-07-05 8:01:25 - LIST VIEW / mode: release / list: Category
2021-07-05 8:02:00 - LIST VIEW / mode: release / list: Category
2021-07-05 8:02:01 - LIST VIEW / mode: release / list: Category
2021-07-05 8:03:37 - LIST VIEW / mode: release / list: Category
2021-07-05 8:03:38 - LIST VIEW / mode: release / list: Category
2021-07-05 8:08:49 - LIST VIEW / mode: release / list: Category
2021-07-05 8:08:50 - LIST VIEW / mode: release / list: Category
2021-07-05 8:08:59 - LIST VIEW / mode: release / list: Featured Module
2021-07-05 8:09:55 - LIST VIEW / mode: release / list: Featured Module
2021-07-05 8:12:03 - LIST VIEW / mode: release / list: Category
2021-07-05 8:12:04 - LIST VIEW / mode: release / list: Category
2021-07-05 8:12:26 - LIST VIEW / mode: release / list: Category
2021-07-05 8:12:27 - LIST VIEW / mode: release / list: Category
2021-07-05 8:13:25 - LIST VIEW / mode: release / list: Category
2021-07-05 8:13:26 - LIST VIEW / mode: release / list: Category
2021-07-05 8:14:32 - LIST VIEW / mode: release / list: Category
2021-07-05 8:14:33 - LIST VIEW / mode: release / list: Category
2021-07-05 8:15:19 - LIST VIEW / mode: release / list: Category
2021-07-05 8:15:20 - LIST VIEW / mode: release / list: Category
2021-07-05 8:15:59 - LIST VIEW / mode: release / list: Category
2021-07-05 8:16:00 - LIST VIEW / mode: release / list: Category
2021-07-05 8:16:59 - LIST VIEW / mode: release / list: Category
2021-07-05 8:17:00 - LIST VIEW / mode: release / list: Category
2021-07-05 8:19:47 - LIST VIEW / mode: release / list: Category
2021-07-05 8:19:48 - LIST VIEW / mode: release / list: Category
2021-07-05 8:21:47 - LIST VIEW / mode: release / list: Category
2021-07-05 8:21:48 - LIST VIEW / mode: release / list: Category
2021-07-05 8:22:38 - LIST VIEW / mode: release / list: Category
2021-07-05 8:22:40 - LIST VIEW / mode: release / list: Category
2021-07-05 8:24:31 - LIST VIEW / mode: release / list: Category
2021-07-05 8:24:32 - LIST VIEW / mode: release / list: Category
2021-07-05 8:25:50 - LIST VIEW / mode: release / list: Category
2021-07-05 8:25:51 - LIST VIEW / mode: release / list: Category
2021-07-05 8:28:28 - LIST VIEW / mode: release / list: Category
2021-07-05 8:28:29 - LIST VIEW / mode: release / list: Category
2021-07-05 8:31:16 - LIST VIEW / mode: release / list: Category
2021-07-05 8:31:17 - LIST VIEW / mode: release / list: Category
2021-07-05 8:32:07 - LIST VIEW / mode: release / list: Category
2021-07-05 8:32:08 - LIST VIEW / mode: release / list: Category
2021-07-05 8:32:43 - LIST VIEW / mode: release / list: Category
2021-07-05 8:32:44 - LIST VIEW / mode: release / list: Category
2021-07-05 8:33:04 - LIST VIEW / mode: release / list: Category
2021-07-05 8:33:05 - LIST VIEW / mode: release / list: Category
2021-07-05 8:33:42 - PRODUCT CLICK / mode: release / product: Набор столовых приборов &quot;Mood&quot; на 6 персон: посеребренные столовые вилки, ложки и ножи + чайные ложки / list: Featured Module
2021-07-05 8:33:48 - PRODUCT DETAIL VIEW / mode: release / product: Набор столовых приборов &quot;Mood&quot; на 6 персон: посеребренные столовые вилки, ложки и ножи + чайные ложки
2021-07-05 8:33:48 - LIST VIEW / mode: release / list: Related Products
2021-07-05 8:35:34 - PRODUCT DETAIL VIEW / mode: release / product: Набор столовых приборов &quot;Mood&quot; на 6 персон: посеребренные столовые вилки, ложки и ножи + чайные ложки
2021-07-05 8:35:34 - LIST VIEW / mode: release / list: Related Products
2021-07-05 8:36:44 - LIST VIEW / mode: release / list: Related Products
2021-07-05 8:36:44 - PRODUCT DETAIL VIEW / mode: release / product: Набор столовых приборов &quot;Mood&quot; на 6 персон: посеребренные столовые вилки, ложки и ножи + чайные ложки
2021-07-05 8:39:14 - LIST VIEW / mode: release / list: Related Products
2021-07-05 8:39:14 - PRODUCT DETAIL VIEW / mode: release / product: Набор столовых приборов &quot;Mood&quot; на 6 персон: посеребренные столовые вилки, ложки и ножи + чайные ложки
2021-07-05 8:40:13 - PRODUCT DETAIL VIEW / mode: release / product: Набор столовых приборов &quot;Mood&quot; на 6 персон: посеребренные столовые вилки, ложки и ножи + чайные ложки
2021-07-05 8:40:13 - LIST VIEW / mode: release / list: Related Products
2021-07-05 8:40:56 - PRODUCT DETAIL VIEW / mode: release / product: Набор столовых приборов &quot;Mood&quot; на 6 персон: посеребренные столовые вилки, ложки и ножи + чайные ложки
2021-07-05 8:40:56 - LIST VIEW / mode: release / list: Related Products
2021-07-05 8:48:15 - PRODUCT DETAIL VIEW / mode: release / product: Набор столовых приборов &quot;Mood&quot; на 6 персон: посеребренные столовые вилки, ложки и ножи + чайные ложки
2021-07-05 8:48:15 - LIST VIEW / mode: release / list: Related Products
2021-07-05 8:56:31 - PRODUCT DETAIL VIEW / mode: release / product: Набор столовых приборов &quot;Mood&quot; на 6 персон: посеребренные столовые вилки, ложки и ножи + чайные ложки
2021-07-05 8:56:31 - LIST VIEW / mode: release / list: Related Products
2021-07-05 8:56:57 - PRODUCT DETAIL VIEW / mode: release / product: Набор столовых приборов &quot;Mood&quot; на 6 персон: посеребренные столовые вилки, ложки и ножи + чайные ложки
2021-07-05 8:56:57 - LIST VIEW / mode: release / list: Related Products
2021-07-05 8:58:00 - PRODUCT DETAIL VIEW / mode: release / product: Набор столовых приборов &quot;Mood&quot; на 6 персон: посеребренные столовые вилки, ложки и ножи + чайные ложки
2021-07-05 8:58:00 - LIST VIEW / mode: release / list: Related Products
2021-07-05 9:01:30 - LIST VIEW / mode: release / list: Related Products
2021-07-05 9:01:30 - PRODUCT DETAIL VIEW / mode: release / product: Набор столовых приборов &quot;Mood&quot; на 6 персон: посеребренные столовые вилки, ложки и ножи + чайные ложки
2021-07-05 9:04:01 - LIST VIEW / mode: release / list: Related Products
2021-07-05 9:04:01 - PRODUCT DETAIL VIEW / mode: release / product: Набор столовых приборов &quot;Mood&quot; на 6 персон: посеребренные столовые вилки, ложки и ножи + чайные ложки
2021-07-05 9:08:56 - PRODUCT DETAIL VIEW / mode: release / product: Набор столовых приборов &quot;Mood&quot; на 6 персон: посеребренные столовые вилки, ложки и ножи + чайные ложки
2021-07-05 9:08:56 - LIST VIEW / mode: release / list: Related Products
2021-07-05 9:09:49 - PRODUCT DETAIL VIEW / mode: release / product: Набор столовых приборов &quot;Mood&quot; на 6 персон: посеребренные столовые вилки, ложки и ножи + чайные ложки
2021-07-05 9:09:49 - LIST VIEW / mode: release / list: Related Products
2021-07-05 9:10:48 - PRODUCT DETAIL VIEW / mode: release / product: Набор столовых приборов &quot;Mood&quot; на 6 персон: посеребренные столовые вилки, ложки и ножи + чайные ложки
2021-07-05 9:10:48 - LIST VIEW / mode: release / list: Related Products
2021-07-05 9:11:23 - PRODUCT DETAIL VIEW / mode: release / product: Набор столовых приборов &quot;Mood&quot; на 6 персон: посеребренные столовые вилки, ложки и ножи + чайные ложки
2021-07-05 9:11:23 - LIST VIEW / mode: release / list: Related Products
2021-07-05 9:13:03 - LIST VIEW / mode: release / list: Related Products
2021-07-05 9:13:03 - PRODUCT DETAIL VIEW / mode: release / product: Набор столовых приборов &quot;Mood&quot; на 6 персон: посеребренные столовые вилки, ложки и ножи + чайные ложки
2021-07-05 9:22:34 - LIST VIEW / mode: release / list: Related Products
2021-07-05 9:22:34 - PRODUCT DETAIL VIEW / mode: release / product: Набор столовых приборов &quot;Mood&quot; на 6 персон: посеребренные столовые вилки, ложки и ножи + чайные ложки
2021-07-05 9:24:09 - PRODUCT DETAIL VIEW / mode: release / product: Набор столовых приборов &quot;Mood&quot; на 6 персон: посеребренные столовые вилки, ложки и ножи + чайные ложки
2021-07-05 9:24:09 - LIST VIEW / mode: release / list: Related Products
2021-07-05 9:32:28 - LIST VIEW / mode: release / list: Related Products
2021-07-05 9:32:28 - PRODUCT DETAIL VIEW / mode: release / product: Набор столовых приборов &quot;Mood&quot; на 6 персон: посеребренные столовые вилки, ложки и ножи + чайные ложки
2021-07-05 9:34:03 - PRODUCT DETAIL VIEW / mode: release / product: Набор столовых приборов &quot;Mood&quot; на 6 персон: посеребренные столовые вилки, ложки и ножи + чайные ложки
2021-07-05 9:34:03 - LIST VIEW / mode: release / list: Related Products
2021-07-05 9:35:05 - PRODUCT DETAIL VIEW / mode: release / product: Набор столовых приборов &quot;Mood&quot; на 6 персон: посеребренные столовые вилки, ложки и ножи + чайные ложки
2021-07-05 9:35:05 - LIST VIEW / mode: release / list: Related Products
2021-07-05 9:39:52 - PRODUCT DETAIL VIEW / mode: release / product: Набор столовых приборов &quot;Mood&quot; на 6 персон: посеребренные столовые вилки, ложки и ножи + чайные ложки
2021-07-05 9:39:52 - LIST VIEW / mode: release / list: Related Products
2021-07-05 9:43:25 - PRODUCT DETAIL VIEW / mode: release / product: Набор столовых приборов &quot;Mood&quot; на 6 персон: посеребренные столовые вилки, ложки и ножи + чайные ложки
2021-07-05 9:43:25 - LIST VIEW / mode: release / list: Related Products
2021-07-05 9:55:58 - PRODUCT DETAIL VIEW / mode: release / product: Набор столовых приборов &quot;Mood&quot; на 6 персон: посеребренные столовые вилки, ложки и ножи + чайные ложки
2021-07-05 9:55:58 - LIST VIEW / mode: release / list: Related Products
2021-07-05 9:56:48 - PRODUCT DETAIL VIEW / mode: release / product: Набор столовых приборов &quot;Mood&quot; на 6 персон: посеребренные столовые вилки, ложки и ножи + чайные ложки
2021-07-05 9:56:48 - LIST VIEW / mode: release / list: Related Products
2021-07-05 9:57:45 - LIST VIEW / mode: release / list: Related Products
2021-07-05 9:57:45 - PRODUCT DETAIL VIEW / mode: release / product: Набор столовых приборов &quot;Mood&quot; на 6 персон: посеребренные столовые вилки, ложки и ножи + чайные ложки
2021-07-05 10:15:53 - LIST VIEW / mode: release / list: Featured Module
2021-07-05 10:28:57 - LIST VIEW / mode: release / list: Featured Module
2021-07-05 10:28:59 - PRODUCT CLICK / mode: release / product: Набор столовых приборов &quot;Mood&quot; на 6 персон: посеребренные столовые вилки, ложки и ножи + чайные ложки / list: Featured Module
2021-07-05 10:29:00 - LIST VIEW / mode: release / list: Related Products
2021-07-05 10:29:00 - PRODUCT DETAIL VIEW / mode: release / product: Набор столовых приборов &quot;Mood&quot; на 6 персон: посеребренные столовые вилки, ложки и ножи + чайные ложки
2021-07-05 10:29:01 - ADD TO CART / mode: release / product: Набор столовых приборов &quot;Mood&quot; на 6 персон: посеребренные столовые вилки, ложки и ножи + чайные ложки
2021-07-05 10:29:09 - LIST VIEW / mode: release / list: Featured Module
2021-07-05 10:30:19 - LIST VIEW / mode: release / list: Featured Module
2021-07-05 10:30:36 - LIST VIEW / mode: release / error: SyntaxError: Unexpected token < in JSON at position 0 (exc: parsererror status: OK)
2021-07-05 10:36:36 - LIST VIEW / mode: release / list: Featured Module
